<?xml version="1.0" encoding="utf-8"?>
<testsuites>
  <testsuite name="pytest" errors="0" failures="0" skipped="0" tests="5" time="2.345" timestamp="2026-01-20T10:30:00" hostname="async-runner">
    <properties>
      <property name="project" value="async-worker"/>
      <property name="Python" value="3.12.1"/>
      <property name="Platform" value="Linux-6.1.0-x86_64"/>
      <property name="Packages" value="pytest-8.0.0, pytest-asyncio-0.23.0, aiohttp-3.9.0"/>
    </properties>
    <testcase classname="tests.test_async" name="test_async_fetch" time="0.456"/>
    <testcase classname="tests.test_async" name="test_async_batch_process" time="0.789"/>
    <testcase classname="tests.test_async" name="test_async_timeout" time="0.234"/>
    <testcase classname="tests.test_async" name="test_async_retry" time="0.567"/>
    <testcase classname="tests.test_async" name="test_async_cancellation" time="0.299"/>
  </testsuite>
</testsuites>
