<?xml version="1.0" encoding="utf-8"?>
<testsuites>
  <testsuite name="pytest" errors="0" failures="1" skipped="0" tests="4" time="0.456" timestamp="2026-01-20T10:30:00" hostname="runner-abc123">
    <properties>
      <property name="project" value="payment-service"/>
      <property name="Python" value="3.12.1"/>
      <property name="Platform" value="Linux-6.1.0-x86_64"/>
      <property name="Packages" value="pytest-8.0.0, pytest-asyncio-0.23.0"/>
    </properties>
    <testcase classname="tests.test_payments" name="test_process_payment" time="0.123"/>
    <testcase classname="tests.test_payments" name="test_refund" time="0.089"/>
    <testcase classname="tests.test_payments" name="test_validate_card" time="0.145">
      <failure message="AssertionError: Invalid card number not rejected">
assert validate_card("1234") == False
AssertionError: Invalid card number not rejected
      </failure>
    </testcase>
    <testcase classname="tests.test_payments" name="test_currency_conversion" time="0.099"/>
  </testsuite>
</testsuites>
