<?xml version="1.0" encoding="utf-8"?>
<testsuites>
  <testsuite name="pytest" errors="0" failures="0" skipped="0" tests="4" time="0.345" timestamp="2026-01-20T10:30:00" hostname="build-server">
    <properties>
      <property name="Python" value="3.12.1"/>
      <property name="Platform" value="Darwin-24.0.0-arm64"/>
      <property name="Packages" value="pytest-8.0.0"/>
    </properties>
    <testcase classname="tests.test_database" name="test_connect" time="0.089">
      <properties>
        <property name="database" value="postgresql"/>
        <property name="host" value="localhost"/>
      </properties>
    </testcase>
    <testcase classname="tests.test_database" name="test_query" time="0.156">
      <properties>
        <property name="query_count" value="5"/>
        <property name="execution_time_ms" value="45"/>
      </properties>
      <system-out>Executed 5 queries in 45ms</system-out>
    </testcase>
    <testcase classname="tests.test_database" name="test_transaction" time="0.067"/>
    <testcase classname="tests.test_database" name="test_disconnect" time="0.033"/>
  </testsuite>
</testsuites>
