<?xml version="1.0" encoding="utf-8"?>
<testsuites>
  <testsuite name="pytest" errors="0" failures="1" skipped="0" tests="6" time="4.567" timestamp="2026-01-20T10:30:00" hostname="django-test-server">
    <properties>
      <property name="project" value="django-cms"/>
      <property name="Python" value="3.12.1"/>
      <property name="Platform" value="Darwin-24.0.0-arm64"/>
      <property name="Packages" value="pytest-8.0.0, pytest-django-4.7.0, Django-5.0"/>
      <property name="DJANGO_SETTINGS_MODULE" value="config.settings.test"/>
    </properties>
    <testcase classname="tests.test_views" name="test_home_page" time="0.567"/>
    <testcase classname="tests.test_views" name="test_article_list" time="0.789"/>
    <testcase classname="tests.test_views" name="test_article_detail" time="0.456"/>
    <testcase classname="tests.test_models" name="test_article_create" time="0.345"/>
    <testcase classname="tests.test_models" name="test_article_publish" time="0.234">
      <failure message="AssertionError: Article status not updated">
assert article.status == 'published'
AssertionError: Article status not updated
      </failure>
    </testcase>
    <testcase classname="tests.test_api" name="test_article_api_list" time="0.678"/>
  </testsuite>
</testsuites>
