<?xml version="1.0" encoding="UTF-8"?>
<testsuite name="APITests" tests="5" failures="1" errors="0" skipped="0" time="1.234" timestamp="2026-01-20T10:30:00" hostname="api-server-01">
  <properties>
    <property name="project" value="rest-api-gateway"/>
    <property name="api.version" value="v2"/>
    <property name="environment" value="staging"/>
    <property name="jux.hostname" value="api-server-01"/>
    <property name="jux.username" value="ci-runner"/>
    <property name="jux.platform" value="Linux-6.1.0-x86_64"/>
    <property name="jux.python_version" value="3.12.1"/>
    <property name="jux.timestamp" value="2026-01-20T10:30:00Z"/>
    <property name="jux.project_name" value="rest-api-gateway"/>
    <property name="jux.git_commit" value="def456abc789012345678901234567890abcdef"/>
    <property name="jux.git_branch" value="develop"/>
    <property name="jux.git_status" value="clean"/>
    <property name="jux.ci_provider" value="gitlab"/>
    <property name="jux.ci_build_id" value="98765"/>
  </properties>
  <testcase name="test_get_users" classname="tests.api.test_users" time="0.234"/>
  <testcase name="test_create_user" classname="tests.api.test_users" time="0.345"/>
  <testcase name="test_update_user" classname="tests.api.test_users" time="0.289"/>
  <testcase name="test_delete_user" classname="tests.api.test_users" time="0.156">
    <failure message="AssertionError: Expected 204 but got 403">
assert response.status_code == 204
AssertionError: Expected 204 but got 403
    </failure>
  </testcase>
  <testcase name="test_list_users_paginated" classname="tests.api.test_users" time="0.210"/>
</testsuite>
