<?xml version="1.0" encoding="UTF-8"?>
<testsuite name="NightlyBuild" tests="8" failures="2" errors="0" skipped="1" time="120.456" timestamp="2026-01-20T02:00:00" hostname="nightly-runner">
  <properties>
    <property name="project" value="enterprise-suite"/>
    <property name="BUILD_NUMBER" value="N-2026-01-20"/>
    <property name="BUILD_URL" value="https://jenkins.example.com/job/enterprise-suite/job/nightly/456/"/>
    <property name="BUILD_TYPE" value="nightly"/>
    <property name="GIT_BRANCH" value="develop"/>
  </properties>
  <testcase name="full_regression_suite" classname="regression.tests" time="45.678"/>
  <testcase name="performance_baseline" classname="performance.tests" time="30.123">
    <failure message="Performance degradation detected">
Response time p95: 450ms (threshold: 200ms)
Throughput: 800 req/s (threshold: 1000 req/s)
    </failure>
  </testcase>
  <testcase name="memory_leak_detection" classname="performance.tests" time="15.234"/>
  <testcase name="security_scan" classname="security.tests" time="10.567"/>
  <testcase name="dependency_audit" classname="security.tests" time="5.234">
    <failure message="Vulnerable dependencies found">
CVE-2026-1234: lodash < 4.17.21 (high)
CVE-2026-5678: axios < 1.6.0 (medium)
    </failure>
  </testcase>
  <testcase name="documentation_build" classname="docs.tests" time="8.901"/>
  <testcase name="artifact_publishing" classname="release.tests" time="4.567"/>
  <testcase name="staging_deployment" classname="deploy.tests" time="0.000">
    <skipped message="Staging deployment disabled for nightly builds"/>
  </testcase>
  <system-out>
Nightly build completed
Total duration: 120.456s
Artifacts published to: https://artifacts.example.com/nightly/2026-01-20/
  </system-out>
</testsuite>
