<?xml version="1.0" encoding="UTF-8"?>
<testsuites>
  <properties>
    <property name="polarion-project-id" value="MyProject"/>
    <property name="polarion-testrun-id" value="TR-2026-002"/>
    <property name="polarion-testrun-title" value="Feature: User Authentication"/>
    <property name="polarion-user-id" value="testuser"/>
  </properties>
  <testsuite name="AuthenticationTests" tests="4" failures="1" errors="0" skipped="0" time="2.345">
    <testcase name="test_login_success" classname="tests.test_auth.LoginTest" time="0.567">
      <properties>
        <property name="polarion-testcase-id" value="TC-AUTH-001"/>
      </properties>
    </testcase>
    <testcase name="test_logout_success" classname="tests.test_auth.LogoutTest" time="0.234">
      <properties>
        <property name="polarion-testcase-id" value="TC-AUTH-002"/>
      </properties>
    </testcase>
    <testcase name="test_session_timeout" classname="tests.test_auth.SessionTest" time="0.789">
      <properties>
        <property name="polarion-testcase-id" value="TC-AUTH-003"/>
      </properties>
      <failure message="Session did not timeout as expected" type="AssertionError">
AssertionError: Session did not timeout after 30 minutes
      </failure>
    </testcase>
    <testcase name="test_remember_me" classname="tests.test_auth.LoginTest" time="0.755">
      <properties>
        <property name="polarion-testcase-id" value="TC-AUTH-004"/>
      </properties>
    </testcase>
  </testsuite>
</testsuites>
